<?xml version="1.0" encoding="UTF-8"?>
<!-- Generated by org.testng.reporters.JUnitReportReporter -->
<testsuite skipped="0" hostname="LAPTOP-SMVO3IVM" name="com.omr.test.OMRBranchClub" tests="6" failures="0" timestamp="1 Jul 2022 10:53:42 GMT" time="6.324" errors="0">
  <testcase name="addAddress" time="0.736" classname="com.omr.test.OMRBranchClub"/>
  <testcase name="updateAddress" time="0.437" classname="com.omr.test.OMRBranchClub"/>
  <testcase name="getAddress" time="0.407" classname="com.omr.test.OMRBranchClub"/>
  <testcase name="deleteaddress" time="0.408" classname="com.omr.test.OMRBranchClub"/>
  <testcase name="chageProfilePic" time="0.596" classname="com.omr.test.OMRBranchClub"/>
  <testcase name="login" time="3.740" classname="com.omr.test.OMRBranchClub"/>
</testsuite> <!-- com.omr.test.OMRBranchClub -->
